# JRE version: Java(TM) SE Runtime Environment (15.0.2+7) (build 15.0.2+7-27)
# Java VM: Java HotSpot(TM) 64-Bit Server VM (15.0.2+7-27, mixed mode, sharing, tiered, compressed oops, g1 gc, windows-amd64)
GC Precious Log:
 CPUs: 4 total, 4 available
 Memory: 12179M
 Large Page Support: Disabled
 NUMA Support: Disabled
 Compressed Oops: Enabled (32-bit)
 Heap Region Size: 1M
 Heap Min Capacity: 8M
 Heap Initial Capacity: 192M
 Heap Max Capacity: 2G
 Pre-touch: Disabled
 Parallel Workers: 4
 Concurrent Workers: 1
 Concurrent Refinement Workers: 4
 Periodic GC: Disabled
Heap:
 garbage-first heap   total 114688K, used 86026K [0x0000000080000000, 0x0000000100000000)
  region size 1024K, 25 young (25600K), 2 survivors (2048K)
 Metaspace       used 54332K, capacity 55567K, committed 55760K, reserved 1097728K
  class space    used 6918K, capacity 7217K, committed 7296K, reserved 1048576K
GC Heap History (20 events):
Event: 10.592 GC heap before
{Heap before GC invocations=1 (full 0):
 garbage-first heap   total 196608K, used 20525K [0x0000000080000000, 0x0000000100000000)
  region size 1024K, 14 young (14336K), 2 survivors (2048K)
 Metaspace       used 3975K, capacity 6485K, committed 6656K, reserved 1056768K
  class space    used 489K, capacity 731K, committed 768K, reserved 1048576K
}
Event: 10.597 GC heap after
{Heap after GC invocations=2 (full 0):
 garbage-first heap   total 196608K, used 9021K [0x0000000080000000, 0x0000000100000000)
  region size 1024K, 1 young (1024K), 1 survivors (1024K)
 Metaspace       used 3975K, capacity 6485K, committed 6656K, reserved 1056768K
  class space    used 489K, capacity 731K, committed 768K, reserved 1048576K
}
Event: 19.495 GC heap before
{Heap before GC invocations=2 (full 0):
 garbage-first heap   total 196608K, used 30525K [0x0000000080000000, 0x0000000100000000)
  region size 1024K, 23 young (23552K), 1 survivors (1024K)
 Metaspace       used 4122K, capacity 6549K, committed 6656K, reserved 1056768K
  class space    used 493K, capacity 731K, committed 768K, reserved 1048576K
}
Event: 19.500 GC heap after
{Heap after GC invocations=3 (full 0):
 garbage-first heap   total 196608K, used 11678K [0x0000000080000000, 0x0000000100000000)
  region size 1024K, 3 young (3072K), 3 survivors (3072K)
 Metaspace       used 4122K, capacity 6549K, committed 6656K, reserved 1056768K
  class space    used 493K, capacity 731K, committed 768K, reserved 1048576K
}
Event: 28.708 GC heap before
{Heap before GC invocations=3 (full 0):
 garbage-first heap   total 196608K, used 124318K [0x0000000080000000, 0x0000000100000000)
  region size 1024K, 105 young (107520K), 3 survivors (3072K)
 Metaspace       used 20570K, capacity 21147K, committed 21296K, reserved 1067008K
  class space    used 2951K, capacity 3154K, committed 3200K, reserved 1048576K
}
Event: 28.727 GC heap after
{Heap after GC invocations=4 (full 0):
 garbage-first heap   total 196608K, used 31678K [0x0000000080000000, 0x0000000100000000)
  region size 1024K, 14 young (14336K), 14 survivors (14336K)
 Metaspace       used 20570K, capacity 21147K, committed 21296K, reserved 1067008K
  class space    used 2951K, capacity 3154K, committed 3200K, reserved 1048576K
}
Event: 31.667 GC heap before
{Heap before GC invocations=5 (full 0):
 garbage-first heap   total 112640K, used 86974K [0x0000000080000000, 0x0000000100000000)
  region size 1024K, 66 young (67584K), 14 survivors (14336K)
 Metaspace       used 31654K, capacity 32322K, committed 32560K, reserved 1077248K
  class space    used 4245K, capacity 4465K, committed 4480K, reserved 1048576K
}
Event: 31.698 GC heap after
{Heap after GC invocations=6 (full 0):
 garbage-first heap   total 112640K, used 35237K [0x0000000080000000, 0x0000000100000000)
  region size 1024K, 5 young (5120K), 5 survivors (5120K)
 Metaspace       used 31654K, capacity 32322K, committed 32560K, reserved 1077248K
  class space    used 4245K, capacity 4465K, committed 4480K, reserved 1048576K
}
Event: 33.132 GC heap before
{Heap before GC invocations=6 (full 0):
 garbage-first heap   total 112640K, used 66981K [0x0000000080000000, 0x0000000100000000)
  region size 1024K, 30 young (30720K), 5 survivors (5120K)
 Metaspace       used 35170K, capacity 35758K, committed 35920K, reserved 1081344K
  class space    used 4579K, capacity 4770K, committed 4864K, reserved 1048576K
}
Event: 33.147 GC heap after
{Heap after GC invocations=7 (full 0):
 garbage-first heap   total 112640K, used 47236K [0x0000000080000000, 0x0000000100000000)
  region size 1024K, 5 young (5120K), 5 survivors (5120K)
 Metaspace       used 35170K, capacity 35758K, committed 35920K, reserved 1081344K
  class space    used 4579K, capacity 4770K, committed 4864K, reserved 1048576K
}
Event: 34.624 GC heap before
{Heap before GC invocations=8 (full 0):
 garbage-first heap   total 112640K, used 86148K [0x0000000080000000, 0x0000000100000000)
  region size 1024K, 43 young (44032K), 5 survivors (5120K)
 Metaspace       used 39182K, capacity 40070K, committed 40272K, reserved 1085440K
  class space    used 5031K, capacity 5278K, committed 5376K, reserved 1048576K
}
Event: 34.637 GC heap after
{Heap after GC invocations=9 (full 0):
 garbage-first heap   total 112640K, used 50790K [0x0000000080000000, 0x0000000100000000)
  region size 1024K, 4 young (4096K), 4 survivors (4096K)
 Metaspace       used 39182K, capacity 40070K, committed 40272K, reserved 1085440K
  class space    used 5031K, capacity 5278K, committed 5376K, reserved 1048576K
}
Event: 37.286 GC heap before
{Heap before GC invocations=9 (full 0):
 garbage-first heap   total 112640K, used 86630K [0x0000000080000000, 0x0000000100000000)
  region size 1024K, 40 young (40960K), 4 survivors (4096K)
 Metaspace       used 42190K, capacity 43232K, committed 43472K, reserved 1087488K
  class space    used 5446K, capacity 5687K, committed 5760K, reserved 1048576K
}
Event: 37.298 GC heap after
{Heap after GC invocations=10 (full 0):
 garbage-first heap   total 112640K, used 53143K [0x0000000080000000, 0x0000000100000000)
  region size 1024K, 3 young (3072K), 3 survivors (3072K)
 Metaspace       used 42190K, capacity 43232K, committed 43472K, reserved 1087488K
  class space    used 5446K, capacity 5687K, committed 5760K, reserved 1048576K
}
Event: 48.033 GC heap before
{Heap before GC invocations=10 (full 0):
 garbage-first heap   total 112640K, used 65431K [0x0000000080000000, 0x0000000100000000)
  region size 1024K, 17 young (17408K), 3 survivors (3072K)
 Metaspace       used 42512K, capacity 43613K, committed 43728K, reserved 1087488K
  class space    used 5475K, capacity 5726K, committed 5760K, reserved 1048576K
}
Event: 48.041 GC heap after
{Heap after GC invocations=11 (full 0):
 garbage-first heap   total 112640K, used 54813K [0x0000000080000000, 0x0000000100000000)
  region size 1024K, 5 young (5120K), 5 survivors (5120K)
 Metaspace       used 42512K, capacity 43613K, committed 43728K, reserved 1087488K
  class space    used 5475K, capacity 5726K, committed 5760K, reserved 1048576K
}
Event: 49.792 GC heap before
{Heap before GC invocations=12 (full 0):
 garbage-first heap   total 112640K, used 91677K [0x0000000080000000, 0x0000000100000000)
  region size 1024K, 38 young (38912K), 5 survivors (5120K)
 Metaspace       used 46719K, capacity 47787K, committed 48080K, reserved 1091584K
  class space    used 5959K, capacity 6219K, committed 6272K, reserved 1048576K
}
Event: 49.812 GC heap after
{Heap after GC invocations=13 (full 0):
 garbage-first heap   total 112640K, used 62659K [0x0000000080000000, 0x0000000100000000)
  region size 1024K, 5 young (5120K), 5 survivors (5120K)
 Metaspace       used 46719K, capacity 47787K, committed 48080K, reserved 1091584K
  class space    used 5959K, capacity 6219K, committed 6272K, reserved 1048576K
}
Event: 51.034 GC heap before
{Heap before GC invocations=13 (full 0):
 garbage-first heap   total 112640K, used 91331K [0x0000000080000000, 0x0000000100000000)
  region size 1024K, 33 young (33792K), 5 survivors (5120K)
 Metaspace       used 52040K, capacity 53207K, committed 53456K, reserved 1095680K
  class space    used 6634K, capacity 6925K, committed 7040K, reserved 1048576K
}
Event: 51.052 GC heap after
{Heap after GC invocations=14 (full 0):
 garbage-first heap   total 112640K, used 64522K [0x0000000080000000, 0x0000000100000000)
  region size 1024K, 2 young (2048K), 2 survivors (2048K)
 Metaspace       used 52040K, capacity 53207K, committed 53456K, reserved 1095680K
  class space    used 6634K, capacity 6925K, committed 7040K, reserved 1048576K
}

