# JRE version: Java(TM) SE Runtime Environment (15.0.2+7) (build 15.0.2+7-27)
# Java VM: Java HotSpot(TM) 64-Bit Server VM (15.0.2+7-27, mixed mode, sharing, tiered, compressed oops, g1 gc, windows-amd64)
GC Precious Log:
 CPUs: 4 total, 4 available
 Memory: 12179M
 Large Page Support: Disabled
 NUMA Support: Disabled
 Compressed Oops: Enabled (32-bit)
 Heap Region Size: 1M
 Heap Min Capacity: 8M
 Heap Initial Capacity: 192M
 Heap Max Capacity: 2G
 Pre-touch: Disabled
 Parallel Workers: 4
 Concurrent Workers: 1
 Concurrent Refinement Workers: 4
 Periodic GC: Disabled
Heap:
 garbage-first heap   total 196608K, used 40367K [0x0000000080000000, 0x0000000100000000)
  region size 1024K, 32 young (32768K), 3 survivors (3072K)
 Metaspace       used 9987K, capacity 10235K, committed 10496K, reserved 1058816K
  class space    used 1358K, capacity 1428K, committed 1536K, reserved 1048576K
GC Heap History (6 events):
Event: 6.318 GC heap before
{Heap before GC invocations=0 (full 0):
 garbage-first heap   total 196608K, used 18432K [0x0000000080000000, 0x0000000100000000)
  region size 1024K, 13 young (13312K), 0 survivors (0K)
 Metaspace       used 1699K, capacity 5209K, committed 5376K, reserved 1056768K
  class space    used 166K, capacity 499K, committed 512K, reserved 1048576K
}
Event: 6.336 GC heap after
{Heap after GC invocations=1 (full 0):
 garbage-first heap   total 196608K, used 8011K [0x0000000080000000, 0x0000000100000000)
  region size 1024K, 2 young (2048K), 2 survivors (2048K)
 Metaspace       used 1699K, capacity 5209K, committed 5376K, reserved 1056768K
  class space    used 166K, capacity 499K, committed 512K, reserved 1048576K
}
Event: 7.160 GC heap before
{Heap before GC invocations=1 (full 0):
 garbage-first heap   total 196608K, used 19275K [0x0000000080000000, 0x0000000100000000)
  region size 1024K, 13 young (13312K), 2 survivors (2048K)
 Metaspace       used 3950K, capacity 6485K, committed 6656K, reserved 1056768K
  class space    used 489K, capacity 731K, committed 768K, reserved 1048576K
}
Event: 7.169 GC heap after
{Heap after GC invocations=2 (full 0):
 garbage-first heap   total 196608K, used 9092K [0x0000000080000000, 0x0000000100000000)
  region size 1024K, 1 young (1024K), 1 survivors (1024K)
 Metaspace       used 3950K, capacity 6485K, committed 6656K, reserved 1056768K
  class space    used 489K, capacity 731K, committed 768K, reserved 1048576K
}
Event: 12.948 GC heap before
{Heap before GC invocations=2 (full 0):
 garbage-first heap   total 196608K, used 31620K [0x0000000080000000, 0x0000000100000000)
  region size 1024K, 24 young (24576K), 1 survivors (1024K)
 Metaspace       used 4099K, capacity 6549K, committed 6656K, reserved 1056768K
  class space    used 493K, capacity 731K, committed 768K, reserved 1048576K
}
Event: 12.952 GC heap after
{Heap after GC invocations=3 (full 0):
 garbage-first heap   total 196608K, used 11695K [0x0000000080000000, 0x0000000100000000)
  region size 1024K, 3 young (3072K), 3 survivors (3072K)
 Metaspace       used 4099K, capacity 6549K, committed 6656K, reserved 1056768K
  class space    used 493K, capacity 731K, committed 768K, reserved 1048576K
}

