# JRE version: Java(TM) SE Runtime Environment (15.0.2+7) (build 15.0.2+7-27)
# Java VM: Java HotSpot(TM) 64-Bit Server VM (15.0.2+7-27, mixed mode, sharing, tiered, compressed oops, g1 gc, windows-amd64)
GC Precious Log:
 CPUs: 4 total, 4 available
 Memory: 12179M
 Large Page Support: Disabled
 NUMA Support: Disabled
 Compressed Oops: Enabled (32-bit)
 Heap Region Size: 1M
 Heap Min Capacity: 8M
 Heap Initial Capacity: 192M
 Heap Max Capacity: 2G
 Pre-touch: Disabled
 Parallel Workers: 4
 Concurrent Workers: 1
 Concurrent Refinement Workers: 4
 Periodic GC: Disabled
Heap:
 garbage-first heap   total 267264K, used 134138K [0x0000000080000000, 0x0000000100000000)
  region size 1024K, 37 young (37888K), 5 survivors (5120K)
 Metaspace       used 115620K, capacity 118520K, committed 118832K, reserved 1153024K
  class space    used 14002K, capacity 14877K, committed 14976K, reserved 1048576K
GC Heap History (20 events):
Event: 15111.979 GC heap before
{Heap before GC invocations=179 (full 0):
 garbage-first heap   total 267264K, used 120469K [0x0000000080000000, 0x0000000100000000)
  region size 1024K, 47 young (48128K), 14 survivors (14336K)
 Metaspace       used 115281K, capacity 118115K, committed 118576K, reserved 1153024K
  class space    used 14000K, capacity 14874K, committed 14976K, reserved 1048576K
}
Event: 15112.002 GC heap after
{Heap after GC invocations=180 (full 0):
 garbage-first heap   total 267264K, used 88268K [0x0000000080000000, 0x0000000100000000)
  region size 1024K, 6 young (6144K), 6 survivors (6144K)
 Metaspace       used 115281K, capacity 118115K, committed 118576K, reserved 1153024K
  class space    used 14000K, capacity 14874K, committed 14976K, reserved 1048576K
}
Event: 15113.149 GC heap before
{Heap before GC invocations=181 (full 0):
 garbage-first heap   total 267264K, used 149708K [0x0000000080000000, 0x0000000100000000)
  region size 1024K, 65 young (66560K), 6 survivors (6144K)
 Metaspace       used 115725K, capacity 118675K, committed 118832K, reserved 1153024K
  class space    used 14022K, capacity 14913K, committed 14976K, reserved 1048576K
}
Event: 15113.159 GC heap after
{Heap after GC invocations=182 (full 0):
 garbage-first heap   total 267264K, used 89807K [0x0000000080000000, 0x0000000100000000)
  region size 1024K, 6 young (6144K), 6 survivors (6144K)
 Metaspace       used 115725K, capacity 118675K, committed 118832K, reserved 1153024K
  class space    used 14022K, capacity 14913K, committed 14976K, reserved 1048576K
}
Event: 15113.799 GC heap before
{Heap before GC invocations=183 (full 0):
 garbage-first heap   total 267264K, used 159439K [0x0000000080000000, 0x0000000100000000)
  region size 1024K, 72 young (73728K), 6 survivors (6144K)
 Metaspace       used 115732K, capacity 118675K, committed 118832K, reserved 1153024K
  class space    used 14022K, capacity 14913K, committed 14976K, reserved 1048576K
}
Event: 15113.820 GC heap after
{Heap after GC invocations=184 (full 0):
 garbage-first heap   total 267264K, used 95714K [0x0000000080000000, 0x0000000100000000)
  region size 1024K, 14 young (14336K), 14 survivors (14336K)
 Metaspace       used 115732K, capacity 118675K, committed 118832K, reserved 1153024K
  class space    used 14022K, capacity 14913K, committed 14976K, reserved 1048576K
}
Event: 15114.376 GC heap before
{Heap before GC invocations=185 (full 0):
 garbage-first heap   total 267264K, used 123362K [0x0000000080000000, 0x0000000100000000)
  region size 1024K, 41 young (41984K), 14 survivors (14336K)
 Metaspace       used 115758K, capacity 118739K, committed 118832K, reserved 1153024K
  class space    used 14022K, capacity 14913K, committed 14976K, reserved 1048576K
}
Event: 15114.394 GC heap after
{Heap after GC invocations=186 (full 0):
 garbage-first heap   total 267264K, used 93422K [0x0000000080000000, 0x0000000100000000)
  region size 1024K, 7 young (7168K), 7 survivors (7168K)
 Metaspace       used 115758K, capacity 118739K, committed 118832K, reserved 1153024K
  class space    used 14022K, capacity 14913K, committed 14976K, reserved 1048576K
}
Event: 15114.869 GC heap before
{Heap before GC invocations=187 (full 0):
 garbage-first heap   total 267264K, used 112878K [0x0000000080000000, 0x0000000100000000)
  region size 1024K, 27 young (27648K), 7 survivors (7168K)
 Metaspace       used 115775K, capacity 118751K, committed 118832K, reserved 1153024K
  class space    used 14023K, capacity 14915K, committed 14976K, reserved 1048576K
}
Event: 15114.873 GC heap after
{Heap after GC invocations=188 (full 0):
 garbage-first heap   total 267264K, used 88093K [0x0000000080000000, 0x0000000100000000)
  region size 1024K, 2 young (2048K), 2 survivors (2048K)
 Metaspace       used 115775K, capacity 118751K, committed 118832K, reserved 1153024K
  class space    used 14023K, capacity 14915K, committed 14976K, reserved 1048576K
}
Event: 15603.982 GC heap before
{Heap before GC invocations=189 (full 0):
 garbage-first heap   total 267264K, used 206877K [0x0000000080000000, 0x0000000100000000)
  region size 1024K, 79 young (80896K), 2 survivors (2048K)
 Metaspace       used 115795K, capacity 118751K, committed 118832K, reserved 1153024K
  class space    used 14023K, capacity 14915K, committed 14976K, reserved 1048576K
}
Event: 15603.994 GC heap after
{Heap after GC invocations=190 (full 0):
 garbage-first heap   total 267264K, used 91298K [0x0000000080000000, 0x0000000100000000)
  region size 1024K, 5 young (5120K), 5 survivors (5120K)
 Metaspace       used 115795K, capacity 118751K, committed 118832K, reserved 1153024K
  class space    used 14023K, capacity 14915K, committed 14976K, reserved 1048576K
}
Event: 15606.939 GC heap before
{Heap before GC invocations=191 (full 0):
 garbage-first heap   total 267264K, used 236706K [0x0000000080000000, 0x0000000100000000)
  region size 1024K, 131 young (134144K), 5 survivors (5120K)
 Metaspace       used 115805K, capacity 118751K, committed 118832K, reserved 1153024K
  class space    used 14023K, capacity 14915K, committed 14976K, reserved 1048576K
}
Event: 15606.959 GC heap after
{Heap after GC invocations=192 (full 0):
 garbage-first heap   total 267264K, used 96622K [0x0000000080000000, 0x0000000100000000)
  region size 1024K, 10 young (10240K), 10 survivors (10240K)
 Metaspace       used 115805K, capacity 118751K, committed 118832K, reserved 1153024K
  class space    used 14023K, capacity 14915K, committed 14976K, reserved 1048576K
}
Event: 15606.963 GC heap before
{Heap before GC invocations=192 (full 0):
 garbage-first heap   total 267264K, used 99694K [0x0000000080000000, 0x0000000100000000)
  region size 1024K, 13 young (13312K), 10 survivors (10240K)
 Metaspace       used 115805K, capacity 118751K, committed 118832K, reserved 1153024K
  class space    used 14023K, capacity 14915K, committed 14976K, reserved 1048576K
}
Event: 15607.028 GC heap after
{Heap after GC invocations=193 (full 0):
 garbage-first heap   total 267264K, used 83465K [0x0000000080000000, 0x0000000100000000)
  region size 1024K, 2 young (2048K), 2 survivors (2048K)
 Metaspace       used 115805K, capacity 118751K, committed 118832K, reserved 1153024K
  class space    used 14023K, capacity 14915K, committed 14976K, reserved 1048576K
}
Event: 15607.598 GC heap before
{Heap before GC invocations=193 (full 0):
 garbage-first heap   total 267264K, used 135689K [0x0000000080000000, 0x0000000100000000)
  region size 1024K, 55 young (56320K), 2 survivors (2048K)
 Metaspace       used 115815K, capacity 118760K, committed 118832K, reserved 1153024K
  class space    used 14025K, capacity 14917K, committed 14976K, reserved 1048576K
}
Event: 15607.602 GC heap after
{Heap after GC invocations=194 (full 0):
 garbage-first heap   total 267264K, used 83937K [0x0000000080000000, 0x0000000100000000)
  region size 1024K, 2 young (2048K), 2 survivors (2048K)
 Metaspace       used 115815K, capacity 118760K, committed 118832K, reserved 1153024K
  class space    used 14025K, capacity 14917K, committed 14976K, reserved 1048576K
}
Event: 15665.526 GC heap before
{Heap before GC invocations=195 (full 0):
 garbage-first heap   total 267264K, used 192481K [0x0000000080000000, 0x0000000100000000)
  region size 1024K, 69 young (70656K), 2 survivors (2048K)
 Metaspace       used 115596K, capacity 118520K, committed 118832K, reserved 1153024K
  class space    used 14002K, capacity 14877K, committed 14976K, reserved 1048576K
}
Event: 15665.537 GC heap after
{Heap after GC invocations=196 (full 0):
 garbage-first heap   total 267264K, used 86010K [0x0000000080000000, 0x0000000100000000)
  region size 1024K, 5 young (5120K), 5 survivors (5120K)
 Metaspace       used 115596K, capacity 118520K, committed 118832K, reserved 1153024K
  class space    used 14002K, capacity 14877K, committed 14976K, reserved 1048576K
}

