# JRE version: Java(TM) SE Runtime Environment (15.0.2+7) (build 15.0.2+7-27)
# Java VM: Java HotSpot(TM) 64-Bit Server VM (15.0.2+7-27, mixed mode, sharing, tiered, compressed oops, g1 gc, windows-amd64)
GC Precious Log:
 CPUs: 4 total, 4 available
 Memory: 12179M
 Large Page Support: Disabled
 NUMA Support: Disabled
 Compressed Oops: Enabled (32-bit)
 Heap Region Size: 1M
 Heap Min Capacity: 8M
 Heap Initial Capacity: 192M
 Heap Max Capacity: 2G
 Pre-touch: Disabled
 Parallel Workers: 4
 Concurrent Workers: 1
 Concurrent Refinement Workers: 4
 Periodic GC: Disabled
Heap:
 garbage-first heap   total 190464K, used 112312K [0x0000000080000000, 0x0000000100000000)
  region size 1024K, 13 young (13312K), 8 survivors (8192K)
 Metaspace       used 69959K, capacity 71201K, committed 71344K, reserved 1112064K
  class space    used 9105K, capacity 9460K, committed 9472K, reserved 1048576K
GC Heap History (20 events):
Event: 12.722 GC heap before
{Heap before GC invocations=21 (full 0):
 garbage-first heap   total 91136K, used 71597K [0x0000000080000000, 0x0000000100000000)
  region size 1024K, 23 young (23552K), 3 survivors (3072K)
 Metaspace       used 57877K, capacity 58885K, committed 59184K, reserved 1099776K
  class space    used 7693K, capacity 7962K, committed 8064K, reserved 1048576K
}
Event: 12.733 GC heap after
{Heap after GC invocations=22 (full 0):
 garbage-first heap   total 109568K, used 53221K [0x0000000080000000, 0x0000000100000000)
  region size 1024K, 2 young (2048K), 2 survivors (2048K)
 Metaspace       used 57877K, capacity 58885K, committed 59184K, reserved 1099776K
  class space    used 7693K, capacity 7962K, committed 8064K, reserved 1048576K
}
Event: 13.686 GC heap before
{Heap before GC invocations=22 (full 0):
 garbage-first heap   total 109568K, used 89061K [0x0000000080000000, 0x0000000100000000)
  region size 1024K, 37 young (37888K), 2 survivors (2048K)
 Metaspace       used 62871K, capacity 63926K, committed 64176K, reserved 1105920K
  class space    used 8378K, capacity 8665K, committed 8704K, reserved 1048576K
}
Event: 13.696 GC heap after
{Heap after GC invocations=23 (full 0):
 garbage-first heap   total 109568K, used 55675K [0x0000000080000000, 0x0000000100000000)
  region size 1024K, 5 young (5120K), 5 survivors (5120K)
 Metaspace       used 62871K, capacity 63926K, committed 64176K, reserved 1105920K
  class space    used 8378K, capacity 8665K, committed 8704K, reserved 1048576K
}
Event: 15.004 GC heap before
{Heap before GC invocations=24 (full 0):
 garbage-first heap   total 109568K, used 88443K [0x0000000080000000, 0x0000000100000000)
  region size 1024K, 38 young (38912K), 5 survivors (5120K)
 Metaspace       used 66496K, capacity 67573K, committed 67760K, reserved 1107968K
  class space    used 8828K, capacity 9137K, committed 9216K, reserved 1048576K
}
Event: 15.021 GC heap after
{Heap after GC invocations=25 (full 0):
 garbage-first heap   total 109568K, used 58785K [0x0000000080000000, 0x0000000100000000)
  region size 1024K, 5 young (5120K), 5 survivors (5120K)
 Metaspace       used 66496K, capacity 67573K, committed 67760K, reserved 1107968K
  class space    used 8828K, capacity 9137K, committed 9216K, reserved 1048576K
}
Event: 15.856 GC heap before
{Heap before GC invocations=25 (full 0):
 garbage-first heap   total 109568K, used 88481K [0x0000000080000000, 0x0000000100000000)
  region size 1024K, 35 young (35840K), 5 survivors (5120K)
 Metaspace       used 66930K, capacity 68024K, committed 68272K, reserved 1107968K
  class space    used 8841K, capacity 9138K, committed 9216K, reserved 1048576K
}
Event: 15.870 GC heap after
{Heap after GC invocations=26 (full 0):
 garbage-first heap   total 109568K, used 60724K [0x0000000080000000, 0x0000000100000000)
  region size 1024K, 3 young (3072K), 3 survivors (3072K)
 Metaspace       used 66930K, capacity 68024K, committed 68272K, reserved 1107968K
  class space    used 8841K, capacity 9138K, committed 9216K, reserved 1048576K
}
Event: 16.582 GC heap before
{Heap before GC invocations=27 (full 0):
 garbage-first heap   total 116736K, used 88372K [0x0000000080000000, 0x0000000100000000)
  region size 1024K, 31 young (31744K), 3 survivors (3072K)
 Metaspace       used 67188K, capacity 68314K, committed 68528K, reserved 1107968K
  class space    used 8861K, capacity 9170K, committed 9216K, reserved 1048576K
}
Event: 16.589 GC heap after
{Heap after GC invocations=28 (full 0):
 garbage-first heap   total 140288K, used 62142K [0x0000000080000000, 0x0000000100000000)
  region size 1024K, 4 young (4096K), 4 survivors (4096K)
 Metaspace       used 67188K, capacity 68314K, committed 68528K, reserved 1107968K
  class space    used 8861K, capacity 9170K, committed 9216K, reserved 1048576K
}
Event: 19.726 GC heap before
{Heap before GC invocations=28 (full 0):
 garbage-first heap   total 140288K, used 112318K [0x0000000080000000, 0x0000000100000000)
  region size 1024K, 53 young (54272K), 4 survivors (4096K)
 Metaspace       used 68641K, capacity 69765K, committed 69936K, reserved 1110016K
  class space    used 8999K, capacity 9306K, committed 9344K, reserved 1048576K
}
Event: 19.737 GC heap after
{Heap after GC invocations=29 (full 0):
 garbage-first heap   total 140288K, used 65066K [0x0000000080000000, 0x0000000100000000)
  region size 1024K, 7 young (7168K), 7 survivors (7168K)
 Metaspace       used 68641K, capacity 69765K, committed 69936K, reserved 1110016K
  class space    used 8999K, capacity 9306K, committed 9344K, reserved 1048576K
}
Event: 22.442 GC heap before
{Heap before GC invocations=29 (full 0):
 garbage-first heap   total 140288K, used 115242K [0x0000000080000000, 0x0000000100000000)
  region size 1024K, 54 young (55296K), 7 survivors (7168K)
 Metaspace       used 68779K, capacity 69893K, committed 69936K, reserved 1110016K
  class space    used 8999K, capacity 9306K, committed 9344K, reserved 1048576K
}
Event: 22.468 GC heap after
{Heap after GC invocations=30 (full 0):
 garbage-first heap   total 140288K, used 78511K [0x0000000080000000, 0x0000000100000000)
  region size 1024K, 7 young (7168K), 7 survivors (7168K)
 Metaspace       used 68779K, capacity 69893K, committed 69936K, reserved 1110016K
  class space    used 8999K, capacity 9306K, committed 9344K, reserved 1048576K
}
Event: 23.931 GC heap before
{Heap before GC invocations=30 (full 0):
 garbage-first heap   total 140288K, used 112303K [0x0000000080000000, 0x0000000100000000)
  region size 1024K, 40 young (40960K), 7 survivors (7168K)
 Metaspace       used 69588K, capacity 70813K, committed 71088K, reserved 1112064K
  class space    used 9085K, capacity 9422K, committed 9472K, reserved 1048576K
}
Event: 23.955 GC heap after
{Heap after GC invocations=31 (full 0):
 garbage-first heap   total 140288K, used 84371K [0x0000000080000000, 0x0000000100000000)
  region size 1024K, 5 young (5120K), 5 survivors (5120K)
 Metaspace       used 69588K, capacity 70813K, committed 71088K, reserved 1112064K
  class space    used 9085K, capacity 9422K, committed 9472K, reserved 1048576K
}
Event: 25.301 GC heap before
{Heap before GC invocations=32 (full 0):
 garbage-first heap   total 158720K, used 118163K [0x0000000080000000, 0x0000000100000000)
  region size 1024K, 31 young (31744K), 5 survivors (5120K)
 Metaspace       used 69735K, capacity 71005K, committed 71088K, reserved 1112064K
  class space    used 9089K, capacity 9422K, committed 9472K, reserved 1048576K
}
Event: 25.319 GC heap after
{Heap after GC invocations=33 (full 0):
 garbage-first heap   total 190464K, used 88529K [0x0000000080000000, 0x0000000100000000)
  region size 1024K, 4 young (4096K), 4 survivors (4096K)
 Metaspace       used 69735K, capacity 71005K, committed 71088K, reserved 1112064K
  class space    used 9089K, capacity 9422K, committed 9472K, reserved 1048576K
}
Event: 25.610 GC heap before
{Heap before GC invocations=33 (full 0):
 garbage-first heap   total 190464K, used 96721K [0x0000000080000000, 0x0000000100000000)
  region size 1024K, 13 young (13312K), 4 survivors (4096K)
 Metaspace       used 69758K, capacity 71037K, committed 71088K, reserved 1112064K
  class space    used 9092K, capacity 9454K, committed 9472K, reserved 1048576K
}
Event: 25.631 GC heap after
{Heap after GC invocations=34 (full 0):
 garbage-first heap   total 190464K, used 92856K [0x0000000080000000, 0x0000000100000000)
  region size 1024K, 8 young (8192K), 8 survivors (8192K)
 Metaspace       used 69758K, capacity 71037K, committed 71088K, reserved 1112064K
  class space    used 9092K, capacity 9454K, committed 9472K, reserved 1048576K
}

