# JRE version: Java(TM) SE Runtime Environment (15.0.2+7) (build 15.0.2+7-27)
# Java VM: Java HotSpot(TM) 64-Bit Server VM (15.0.2+7-27, mixed mode, sharing, tiered, compressed oops, g1 gc, windows-amd64)
GC Precious Log:
 CPUs: 4 total, 4 available
 Memory: 12179M
 Large Page Support: Disabled
 NUMA Support: Disabled
 Compressed Oops: Enabled (32-bit)
 Heap Region Size: 1M
 Heap Min Capacity: 8M
 Heap Initial Capacity: 192M
 Heap Max Capacity: 2G
 Pre-touch: Disabled
 Parallel Workers: 4
 Concurrent Workers: 1
 Concurrent Refinement Workers: 4
 Periodic GC: Disabled
Heap:
 garbage-first heap   total 199680K, used 123396K [0x0000000080000000, 0x0000000100000000)
  region size 1024K, 15 young (15360K), 3 survivors (3072K)
 Metaspace       used 80418K, capacity 81614K, committed 81712K, reserved 1120256K
  class space    used 10265K, capacity 10578K, committed 10624K, reserved 1048576K
GC Heap History (20 events):
Event: 34.480 GC heap before
{Heap before GC invocations=27 (full 0):
 garbage-first heap   total 106496K, used 84881K [0x0000000080000000, 0x0000000100000000)
  region size 1024K, 33 young (33792K), 4 survivors (4096K)
 Metaspace       used 66693K, capacity 67769K, committed 68016K, reserved 1107968K
  class space    used 8840K, capacity 9138K, committed 9216K, reserved 1048576K
}
Event: 34.494 GC heap after
{Heap after GC invocations=28 (full 0):
 garbage-first heap   total 106496K, used 58699K [0x0000000080000000, 0x0000000100000000)
  region size 1024K, 5 young (5120K), 5 survivors (5120K)
 Metaspace       used 66693K, capacity 67769K, committed 68016K, reserved 1107968K
  class space    used 8840K, capacity 9138K, committed 9216K, reserved 1048576K
}
Event: 35.430 GC heap before
{Heap before GC invocations=29 (full 0):
 garbage-first heap   total 111616K, used 85323K [0x0000000080000000, 0x0000000100000000)
  region size 1024K, 32 young (32768K), 5 survivors (5120K)
 Metaspace       used 66983K, capacity 68026K, committed 68272K, reserved 1107968K
  class space    used 8841K, capacity 9138K, committed 9216K, reserved 1048576K
}
Event: 35.454 GC heap after
{Heap after GC invocations=30 (full 0):
 garbage-first heap   total 134144K, used 60753K [0x0000000080000000, 0x0000000100000000)
  region size 1024K, 3 young (3072K), 3 survivors (3072K)
 Metaspace       used 66983K, capacity 68026K, committed 68272K, reserved 1107968K
  class space    used 8841K, capacity 9138K, committed 9216K, reserved 1048576K
}
Event: 36.309 GC heap before
{Heap before GC invocations=30 (full 0):
 garbage-first heap   total 134144K, used 92497K [0x0000000080000000, 0x0000000100000000)
  region size 1024K, 35 young (35840K), 3 survivors (3072K)
 Metaspace       used 67549K, capacity 68647K, committed 68912K, reserved 1110016K
  class space    used 8914K, capacity 9238K, committed 9344K, reserved 1048576K
}
Event: 36.316 GC heap after
{Heap after GC invocations=31 (full 0):
 garbage-first heap   total 134144K, used 62110K [0x0000000080000000, 0x0000000100000000)
  region size 1024K, 4 young (4096K), 4 survivors (4096K)
 Metaspace       used 67549K, capacity 68647K, committed 68912K, reserved 1110016K
  class space    used 8914K, capacity 9238K, committed 9344K, reserved 1048576K
}
Event: 37.334 GC heap before
{Heap before GC invocations=32 (full 0):
 garbage-first heap   total 134144K, used 103070K [0x0000000080000000, 0x0000000100000000)
  region size 1024K, 44 young (45056K), 4 survivors (4096K)
 Metaspace       used 68619K, capacity 69768K, committed 69936K, reserved 1110016K
  class space    used 9015K, capacity 9334K, committed 9344K, reserved 1048576K
}
Event: 37.364 GC heap after
{Heap after GC invocations=33 (full 0):
 garbage-first heap   total 134144K, used 80785K [0x0000000080000000, 0x0000000100000000)
  region size 1024K, 7 young (7168K), 7 survivors (7168K)
 Metaspace       used 68619K, capacity 69768K, committed 69936K, reserved 1110016K
  class space    used 9015K, capacity 9334K, committed 9344K, reserved 1048576K
}
Event: 38.543 GC heap before
{Heap before GC invocations=34 (full 0):
 garbage-first heap   total 165888K, used 119697K [0x0000000080000000, 0x0000000100000000)
  region size 1024K, 31 young (31744K), 7 survivors (7168K)
 Metaspace       used 69800K, capacity 71013K, committed 71088K, reserved 1112064K
  class space    used 9136K, capacity 9451K, committed 9472K, reserved 1048576K
}
Event: 38.560 GC heap after
{Heap after GC invocations=35 (full 0):
 garbage-first heap   total 165888K, used 82743K [0x0000000080000000, 0x0000000100000000)
  region size 1024K, 3 young (3072K), 3 survivors (3072K)
 Metaspace       used 69800K, capacity 71013K, committed 71088K, reserved 1112064K
  class space    used 9136K, capacity 9451K, committed 9472K, reserved 1048576K
}
Event: 40.001 GC heap before
{Heap before GC invocations=35 (full 0):
 garbage-first heap   total 165888K, used 124727K [0x0000000080000000, 0x0000000100000000)
  region size 1024K, 45 young (46080K), 3 survivors (3072K)
 Metaspace       used 71101K, capacity 72338K, committed 72496K, reserved 1112064K
  class space    used 9282K, capacity 9587K, committed 9600K, reserved 1048576K
}
Event: 40.011 GC heap after
{Heap after GC invocations=36 (full 0):
 garbage-first heap   total 165888K, used 84658K [0x0000000080000000, 0x0000000100000000)
  region size 1024K, 5 young (5120K), 5 survivors (5120K)
 Metaspace       used 71101K, capacity 72338K, committed 72496K, reserved 1112064K
  class space    used 9282K, capacity 9587K, committed 9600K, reserved 1048576K
}
Event: 42.651 GC heap before
{Heap before GC invocations=37 (full 0):
 garbage-first heap   total 165888K, used 122546K [0x0000000080000000, 0x0000000100000000)
  region size 1024K, 48 young (49152K), 5 survivors (5120K)
 Metaspace       used 74144K, capacity 75307K, committed 75440K, reserved 1114112K
  class space    used 9655K, capacity 9978K, committed 9984K, reserved 1048576K
}
Event: 42.669 GC heap after
{Heap after GC invocations=38 (full 0):
 garbage-first heap   total 165888K, used 82906K [0x0000000080000000, 0x0000000100000000)
  region size 1024K, 6 young (6144K), 6 survivors (6144K)
 Metaspace       used 74144K, capacity 75307K, committed 75440K, reserved 1114112K
  class space    used 9655K, capacity 9978K, committed 9984K, reserved 1048576K
}
Event: 42.693 GC heap before
{Heap before GC invocations=38 (full 0):
 garbage-first heap   total 165888K, used 84954K [0x0000000080000000, 0x0000000100000000)
  region size 1024K, 8 young (8192K), 6 survivors (6144K)
 Metaspace       used 74152K, capacity 75307K, committed 75440K, reserved 1114112K
  class space    used 9657K, capacity 9978K, committed 9984K, reserved 1048576K
}
Event: 42.720 GC heap after
{Heap after GC invocations=39 (full 0):
 garbage-first heap   total 199680K, used 76079K [0x0000000080000000, 0x0000000100000000)
  region size 1024K, 1 young (1024K), 1 survivors (1024K)
 Metaspace       used 74152K, capacity 75307K, committed 75440K, reserved 1114112K
  class space    used 9657K, capacity 9978K, committed 9984K, reserved 1048576K
}
Event: 46.375 GC heap before
{Heap before GC invocations=39 (full 0):
 garbage-first heap   total 199680K, used 151855K [0x0000000080000000, 0x0000000100000000)
  region size 1024K, 76 young (77824K), 1 survivors (1024K)
 Metaspace       used 75268K, capacity 76462K, committed 76592K, reserved 1116160K
  class space    used 9754K, capacity 10107K, committed 10112K, reserved 1048576K
}
Event: 46.387 GC heap after
{Heap after GC invocations=40 (full 0):
 garbage-first heap   total 199680K, used 80854K [0x0000000080000000, 0x0000000100000000)
  region size 1024K, 6 young (6144K), 6 survivors (6144K)
 Metaspace       used 75268K, capacity 76462K, committed 76592K, reserved 1116160K
  class space    used 9754K, capacity 10107K, committed 10112K, reserved 1048576K
}
Event: 48.389 GC heap before
{Heap before GC invocations=40 (full 0):
 garbage-first heap   total 199680K, used 142294K [0x0000000080000000, 0x0000000100000000)
  region size 1024K, 54 young (55296K), 6 survivors (6144K)
 Metaspace       used 77495K, capacity 78710K, committed 79024K, reserved 1118208K
  class space    used 10036K, capacity 10380K, committed 10496K, reserved 1048576K
}
Event: 48.400 GC heap after
{Heap after GC invocations=41 (full 0):
 garbage-first heap   total 199680K, used 89604K [0x0000000080000000, 0x0000000100000000)
  region size 1024K, 3 young (3072K), 3 survivors (3072K)
 Metaspace       used 77495K, capacity 78710K, committed 79024K, reserved 1118208K
  class space    used 10036K, capacity 10380K, committed 10496K, reserved 1048576K
}

