# JRE version: Java(TM) SE Runtime Environment (15.0.2+7) (build 15.0.2+7-27)
# Java VM: Java HotSpot(TM) 64-Bit Server VM (15.0.2+7-27, mixed mode, sharing, tiered, compressed oops, g1 gc, windows-amd64)
GC Precious Log:
 CPUs: 4 total, 4 available
 Memory: 12179M
 Large Page Support: Disabled
 NUMA Support: Disabled
 Compressed Oops: Enabled (32-bit)
 Heap Region Size: 1M
 Heap Min Capacity: 8M
 Heap Initial Capacity: 192M
 Heap Max Capacity: 2G
 Pre-touch: Disabled
 Parallel Workers: 4
 Concurrent Workers: 1
 Concurrent Refinement Workers: 4
 Periodic GC: Disabled
Heap:
 garbage-first heap   total 71680K, used 46403K [0x0000000080000000, 0x0000000100000000)
  region size 1024K, 25 young (25600K), 4 survivors (4096K)
 Metaspace       used 35108K, capacity 35745K, committed 35888K, reserved 1081344K
  class space    used 4693K, capacity 4906K, committed 4992K, reserved 1048576K
GC Heap History (13 events):
Event: 0.772 GC heap before
{Heap before GC invocations=0 (full 0):
 garbage-first heap   total 196608K, used 18432K [0x0000000080000000, 0x0000000100000000)
  region size 1024K, 13 young (13312K), 0 survivors (0K)
 Metaspace       used 1686K, capacity 5209K, committed 5376K, reserved 1056768K
  class space    used 166K, capacity 499K, committed 512K, reserved 1048576K
}
Event: 0.776 GC heap after
{Heap after GC invocations=1 (full 0):
 garbage-first heap   total 196608K, used 7887K [0x0000000080000000, 0x0000000100000000)
  region size 1024K, 2 young (2048K), 2 survivors (2048K)
 Metaspace       used 1686K, capacity 5209K, committed 5376K, reserved 1056768K
  class space    used 166K, capacity 499K, committed 512K, reserved 1048576K
}
Event: 1.250 GC heap before
{Heap before GC invocations=1 (full 0):
 garbage-first heap   total 196608K, used 20175K [0x0000000080000000, 0x0000000100000000)
  region size 1024K, 14 young (14336K), 2 survivors (2048K)
 Metaspace       used 3951K, capacity 6485K, committed 6656K, reserved 1056768K
  class space    used 489K, capacity 731K, committed 768K, reserved 1048576K
}
Event: 1.254 GC heap after
{Heap after GC invocations=2 (full 0):
 garbage-first heap   total 196608K, used 8729K [0x0000000080000000, 0x0000000100000000)
  region size 1024K, 1 young (1024K), 1 survivors (1024K)
 Metaspace       used 3951K, capacity 6485K, committed 6656K, reserved 1056768K
  class space    used 489K, capacity 731K, committed 768K, reserved 1048576K
}
Event: 1.654 GC heap before
{Heap before GC invocations=2 (full 0):
 garbage-first heap   total 196608K, used 31257K [0x0000000080000000, 0x0000000100000000)
  region size 1024K, 24 young (24576K), 1 survivors (1024K)
 Metaspace       used 4091K, capacity 6549K, committed 6656K, reserved 1056768K
  class space    used 493K, capacity 731K, committed 768K, reserved 1048576K
}
Event: 1.658 GC heap after
{Heap after GC invocations=3 (full 0):
 garbage-first heap   total 196608K, used 12145K [0x0000000080000000, 0x0000000100000000)
  region size 1024K, 3 young (3072K), 3 survivors (3072K)
 Metaspace       used 4091K, capacity 6549K, committed 6656K, reserved 1056768K
  class space    used 493K, capacity 731K, committed 768K, reserved 1048576K
}
Event: 4.804 GC heap before
{Heap before GC invocations=3 (full 0):
 garbage-first heap   total 196608K, used 104305K [0x0000000080000000, 0x0000000100000000)
  region size 1024K, 94 young (96256K), 3 survivors (3072K)
 Metaspace       used 20728K, capacity 21131K, committed 21296K, reserved 1067008K
  class space    used 2990K, capacity 3141K, committed 3200K, reserved 1048576K
}
Event: 4.819 GC heap after
{Heap after GC invocations=4 (full 0):
 garbage-first heap   total 196608K, used 19171K [0x0000000080000000, 0x0000000100000000)
  region size 1024K, 10 young (10240K), 10 survivors (10240K)
 Metaspace       used 20728K, capacity 21131K, committed 21296K, reserved 1067008K
  class space    used 2990K, capacity 3141K, committed 3200K, reserved 1048576K
}
Event: 5.804 GC heap before
{Heap before GC invocations=5 (full 0):
 garbage-first heap   total 71680K, used 53987K [0x0000000080000000, 0x0000000100000000)
  region size 1024K, 42 young (43008K), 10 survivors (10240K)
 Metaspace       used 28527K, capacity 29073K, committed 29360K, reserved 1075200K
  class space    used 3815K, capacity 4017K, committed 4096K, reserved 1048576K
}
Event: 5.823 GC heap after
{Heap after GC invocations=6 (full 0):
 garbage-first heap   total 71680K, used 22862K [0x0000000080000000, 0x0000000100000000)
  region size 1024K, 4 young (4096K), 4 survivors (4096K)
 Metaspace       used 28527K, capacity 29073K, committed 29360K, reserved 1075200K
  class space    used 3815K, capacity 4017K, committed 4096K, reserved 1048576K
}
Event: 6.471 GC heap before
{Heap before GC invocations=6 (full 0):
 garbage-first heap   total 71680K, used 52558K [0x0000000080000000, 0x0000000100000000)
  region size 1024K, 33 young (33792K), 4 survivors (4096K)
 Metaspace       used 32235K, capacity 32845K, committed 33072K, reserved 1077248K
  class space    used 4281K, capacity 4455K, committed 4480K, reserved 1048576K
}
Event: 6.482 GC heap after
{Heap after GC invocations=7 (full 0):
 garbage-first heap   total 71680K, used 25062K [0x0000000080000000, 0x0000000100000000)
  region size 1024K, 3 young (3072K), 3 survivors (3072K)
 Metaspace       used 32235K, capacity 32845K, committed 33072K, reserved 1077248K
  class space    used 4281K, capacity 4455K, committed 4480K, reserved 1048576K
}
Event: 7.025 GC heap before
{Heap before GC invocations=7 (full 0):
 garbage-first heap   total 71680K, used 45542K [0x0000000080000000, 0x0000000100000000)
  region size 1024K, 24 young (24576K), 3 survivors (3072K)
 Metaspace       used 35108K, capacity 35745K, committed 35888K, reserved 1081344K
  class space    used 4693K, capacity 4906K, committed 4992K, reserved 1048576K
}

